[INFO ] 2022-12-01 09:46:06.980 [main] Trendyol_Fe_Test_Automation - Cookies accept
[INFO ] 2022-12-01 09:46:10.933 [main] Trendyol_Fe_Test_Automation - Account login successfull
[INFO ] 2022-12-01 09:46:13.442 [main] Trendyol_Fe_Test_Automation - Product transactions successfull[INFO ] 2022-12-01 09:47:01.438 [main] Trendyol_Fe_Test_Automation - Cookies accept
[INFO ] 2022-12-01 09:47:06.494 [main] Trendyol_Fe_Test_Automation - Account login successfull
[INFO ] 2022-12-01 09:47:09.445 [main] Trendyol_Fe_Test_Automation - Product transactions successfull
[INFO ] 2022-12-01 09:47:36.240 [main] Trendyol_Fe_Test_Automation - Cookies accept
[INFO ] 2022-12-01 09:47:44.071 [main] Trendyol_Fe_Test_Automation - Account login successfull
[INFO ] 2022-12-01 09:47:46.563 [main] Trendyol_Fe_Test_Automation - Product transactions successfull
[INFO ] 2022-12-01 09:47:51.508 [main] Trendyol_Fe_Test_Automation - Order transactions successfull
[INFO ] 2022-12-01 09:48:27.272 [main] Trendyol_Fe_Test_Automation - Cookies accept
[INFO ] 2022-12-01 09:48:30.896 [main] Trendyol_Fe_Test_Automation - Account login successfull
[INFO ] 2022-12-01 09:48:33.527 [main] Trendyol_Fe_Test_Automation - Product transactions successfull
[INFO ] 2022-12-01 09:48:38.039 [main] Trendyol_Fe_Test_Automation - Order transactions successfull
[INFO ] 2022-12-01 10:02:23.948 [main] Trendyol_Fe_Test_Automation - Cookies accept
[INFO ] 2022-12-01 10:02:28.358 [main] Trendyol_Fe_Test_Automation - Account login successfull
[INFO ] 2022-12-01 10:02:30.931 [main] Trendyol_Fe_Test_Automation - Product transactions successfull
[INFO ] 2022-12-01 10:04:40.474 [main] Trendyol_Fe_Test_Automation - Cookies accept
[INFO ] 2022-12-01 10:04:44.307 [main] Trendyol_Fe_Test_Automation - Account login successfull
[INFO ] 2022-12-01 10:04:46.450 [main] Trendyol_Fe_Test_Automation - Product transactions successfull
[INFO ] 2022-12-01 10:05:12.519 [main] Trendyol_Fe_Test_Automation - Cookies accept
[INFO ] 2022-12-01 10:05:16.652 [main] Trendyol_Fe_Test_Automation - Account login successfull
[INFO ] 2022-12-01 10:05:19.625 [main] Trendyol_Fe_Test_Automation - Product transactions successfull
[INFO ] 2022-12-01 10:05:24.483 [main] Trendyol_Fe_Test_Automation - Order transactions successfull
